#
# A fatal error has been detected by the Java Runtime Environment:
#
#  Internal Error (relocInfo_x86.cpp:150), pid=6368, tid=0x0000000000003a03
#  guarantee(which == Assembler::imm_operand) failed: must be immediate operand
#
# JRE version: Java(TM) SE Runtime Environment (8.0_171-b11) (build 1.8.0_171-b11)
# Java VM: Java HotSpot(TM) 64-Bit Server VM (25.171-b11 mixed mode bsd-amd64 compressed oops)
# Failed to write core dump. Core dumps have been disabled. To enable core dumping, try "ulimit -c unlimited" before starting Java again
#
# If you would like to submit a bug report, please visit:
#   http://bugreport.java.com/bugreport/crash.jsp
#

---------------  T H R E A D  ---------------

Current thread (0x00007fd678849000):  JavaThread "C1 CompilerThread2" daemon [_thread_in_vm, id=14851, stack(0x000070000f3a0000,0x000070000f4a0000)]

Stack: [0x000070000f3a0000,0x000070000f4a0000],  sp=0x000070000f49eee0,  free space=1019k
Native frames: (J=compiled Java code, j=interpreted, Vv=VM code, C=native code)
V  [libjvm.dylib+0x5b491e]
V  [libjvm.dylib+0x1e85c9]
V  [libjvm.dylib+0x4dbad4]
V  [libjvm.dylib+0x4daa82]
V  [libjvm.dylib+0x19c003]
V  [libjvm.dylib+0x46ff96]
V  [libjvm.dylib+0x164449]
V  [libjvm.dylib+0xe8007]
V  [libjvm.dylib+0xe87c9]
V  [libjvm.dylib+0xe89b8]
V  [libjvm.dylib+0xe9114]
V  [libjvm.dylib+0x1b767e]
V  [libjvm.dylib+0x1b9bc5]
V  [libjvm.dylib+0x56eb0f]
V  [libjvm.dylib+0x57020a]
V  [libjvm.dylib+0x48d4a6]
C  [libsystem_pthread.dylib+0x3661]  _pthread_body+0x154
C  [libsystem_pthread.dylib+0x350d]  _pthread_body+0x0
C  [libsystem_pthread.dylib+0x2bf9]  thread_start+0xd
C  0x0000000000000000


Current CompileTask:
C1:   4855 3180       2       org.eclipse.aether.internal.impl.DefaultChecksumPolicyProvider::getEffectiveChecksumPolicy (59 bytes)


---------------  P R O C E S S  ---------------

Java Threads: ( => current thread )
  0x00007fd67883e000 JavaThread "Service Thread" daemon [_thread_blocked, id=18691, stack(0x000070000f4a3000,0x000070000f5a3000)]
=>0x00007fd678849000 JavaThread "C1 CompilerThread2" daemon [_thread_in_vm, id=14851, stack(0x000070000f3a0000,0x000070000f4a0000)]
  0x00007fd678848000 JavaThread "C2 CompilerThread1" daemon [_thread_blocked, id=14339, stack(0x000070000f29d000,0x000070000f39d000)]
  0x00007fd678846800 JavaThread "C2 CompilerThread0" daemon [_thread_blocked, id=13827, stack(0x000070000f19a000,0x000070000f29a000)]
  0x00007fd678854800 JavaThread "Signal Dispatcher" daemon [_thread_blocked, id=13319, stack(0x000070000f097000,0x000070000f197000)]
  0x00007fd67900e800 JavaThread "Finalizer" daemon [_thread_blocked, id=20995, stack(0x000070000ef94000,0x000070000f094000)]
  0x00007fd67900c000 JavaThread "Reference Handler" daemon [_thread_blocked, id=21251, stack(0x000070000ee91000,0x000070000ef91000)]
  0x00007fd679001000 JavaThread "main" [_thread_blocked, id=9731, stack(0x000070000e87f000,0x000070000e97f000)]

Other Threads:
  0x00007fd67880c000 VMThread [stack: 0x000070000ed8e000,0x000070000ee8e000] [id=11523]
  0x00007fd679801000 WatcherThread [stack: 0x000070000f5a6000,0x000070000f6a6000] [id=15363]

VM state:not at safepoint (normal execution)

VM Mutex/Monitor currently owned by a thread:  ([mutex/lock_event])
[0x00007fd678411d40] Compile_lock - owner thread: 0x00007fd678849000
[0x00007fd678411e40] MethodCompileQueue_lock - owner thread: 0x00007fd678849000

Heap:
 PSYoungGen      total 145408K, used 84510K [0x0000000795580000, 0x000000079f380000, 0x00000007c0000000)
  eden space 132096K, 55% used [0x0000000795580000,0x0000000799d139f8,0x000000079d680000)
  from space 13312K, 84% used [0x000000079e480000,0x000000079ef74010,0x000000079f180000)
  to   space 14336K, 0% used [0x000000079d680000,0x000000079d680000,0x000000079e480000)
 ParOldGen       total 87552K, used 16069K [0x0000000740000000, 0x0000000745580000, 0x0000000795580000)
  object space 87552K, 18% used [0x0000000740000000,0x0000000740fb1728,0x0000000745580000)
 Metaspace       used 16088K, capacity 16350K, committed 16640K, reserved 1064960K
  class space    used 1871K, capacity 1949K, committed 2048K, reserved 1048576K

Card table byte_map: [0x0000000110fce000,0x00000001113cf000] byte_map_base: 0x000000010d5ce000

Marking Bits: (ParMarkBitMap*) 0x00000001015576e0
 Begin Bits: [0x000000011167a000, 0x000000011367a000)
 End Bits:   [0x000000011367a000, 0x000000011567a000)

Polling page: 0x00000001000f0000

CodeCache: size=245760Kb used=10007Kb max_used=10007Kb free=235752Kb
 bounds [0x0000000101c0e000, 0x00000001025ee000, 0x0000000110c0e000]
 total_blobs=3496 nmethods=3147 adapters=260
 compilation: enabled

Compilation events (10 events):
Event: 4.823 Thread 0x00007fd678849000 nmethod 3177 0x00000001025d6bd0 code [0x00000001025d6d80, 0x00000001025d7128]
Event: 4.823 Thread 0x00007fd678849000 3178       2       sun.reflect.ClassFileAssembler::getLength (11 bytes)
Event: 4.824 Thread 0x00007fd678849000 nmethod 3178 0x00000001025d6810 code [0x00000001025d6980, 0x00000001025d6b10]
Event: 4.825 Thread 0x00007fd678849000 3179       2       java.lang.AbstractStringBuilder::substring (62 bytes)
Event: 4.825 Thread 0x00007fd678849000 nmethod 3179 0x00000001025d6010 code [0x00000001025d61c0, 0x00000001025d65d8]
Event: 4.828 Thread 0x00007fd678846800 nmethod 3050 0x00000001025da010 code [0x00000001025da1e0, 0x00000001025dac38]
Event: 4.828 Thread 0x00007fd678846800 3175       4       org.apache.maven.model.validation.DefaultModelValidator::validateEffectiveDependency (732 bytes)
Event: 4.832 Thread 0x00007fd678848000 nmethod 3168 0x00000001025db690 code [0x00000001025db840, 0x00000001025dbd90]
Event: 4.832 Thread 0x00007fd678848000 3176       4       java.util.WeakHashMap::get (77 bytes)
Event: 4.836 Thread 0x00007fd678849000 3180       2       org.eclipse.aether.internal.impl.DefaultChecksumPolicyProvider::getEffectiveChecksumPolicy (59 bytes)

GC Heap History (10 events):
Event: 1.398 GC heap before
{Heap before GC invocations=2 (full 0):
 PSYoungGen      total 38400K, used 38355K [0x0000000795580000, 0x0000000798000000, 0x00000007c0000000)
  eden space 33280K, 100% used [0x0000000795580000,0x0000000797600000,0x0000000797600000)
  from space 5120K, 99% used [0x0000000797600000,0x0000000797af4f48,0x0000000797b00000)
  to   space 5120K, 0% used [0x0000000797b00000,0x0000000797b00000,0x0000000798000000)
 ParOldGen       total 87552K, used 8K [0x0000000740000000, 0x0000000745580000, 0x0000000795580000)
  object space 87552K, 0% used [0x0000000740000000,0x0000000740002000,0x0000000745580000)
 Metaspace       used 11756K, capacity 11944K, committed 12160K, reserved 1060864K
  class space    used 1462K, capacity 1572K, committed 1664K, reserved 1048576K
Event: 1.408 GC heap after
Heap after GC invocations=2 (full 0):
 PSYoungGen      total 38400K, used 5117K [0x0000000795580000, 0x000000079a080000, 0x00000007c0000000)
  eden space 33280K, 0% used [0x0000000795580000,0x0000000795580000,0x0000000797600000)
  from space 5120K, 99% used [0x0000000797b00000,0x0000000797fff6c8,0x0000000798000000)
  to   space 5120K, 0% used [0x0000000797600000,0x0000000797600000,0x0000000797b00000)
 ParOldGen       total 87552K, used 1767K [0x0000000740000000, 0x0000000745580000, 0x0000000795580000)
  object space 87552K, 2% used [0x0000000740000000,0x00000007401b9d28,0x0000000745580000)
 Metaspace       used 11756K, capacity 11944K, committed 12160K, reserved 1060864K
  class space    used 1462K, capacity 1572K, committed 1664K, reserved 1048576K
}
Event: 2.287 GC heap before
{Heap before GC invocations=3 (full 0):
 PSYoungGen      total 38400K, used 38397K [0x0000000795580000, 0x000000079a080000, 0x00000007c0000000)
  eden space 33280K, 100% used [0x0000000795580000,0x0000000797600000,0x0000000797600000)
  from space 5120K, 99% used [0x0000000797b00000,0x0000000797fff6c8,0x0000000798000000)
  to   space 5120K, 0% used [0x0000000797600000,0x0000000797600000,0x0000000797b00000)
 ParOldGen       total 87552K, used 1767K [0x0000000740000000, 0x0000000745580000, 0x0000000795580000)
  object space 87552K, 2% used [0x0000000740000000,0x00000007401b9d28,0x0000000745580000)
 Metaspace       used 14791K, capacity 14984K, committed 15232K, reserved 1062912K
  class space    used 1822K, capacity 1908K, committed 1920K, reserved 1048576K
Event: 2.303 GC heap after
Heap after GC invocations=3 (full 0):
 PSYoungGen      total 38400K, used 5088K [0x0000000795580000, 0x000000079a080000, 0x00000007c0000000)
  eden space 33280K, 0% used [0x0000000795580000,0x0000000795580000,0x0000000797600000)
  from space 5120K, 99% used [0x0000000797600000,0x0000000797af8040,0x0000000797b00000)
  to   space 5120K, 0% used [0x0000000799b80000,0x0000000799b80000,0x000000079a080000)
 ParOldGen       total 87552K, used 4659K [0x0000000740000000, 0x0000000745580000, 0x0000000795580000)
  object space 87552K, 5% used [0x0000000740000000,0x000000074048ce00,0x0000000745580000)
 Metaspace       used 14791K, capacity 14984K, committed 15232K, reserved 1062912K
  class space    used 1822K, capacity 1908K, committed 1920K, reserved 1048576K
}
Event: 2.791 GC heap before
{Heap before GC invocations=4 (full 0):
 PSYoungGen      total 38400K, used 38368K [0x0000000795580000, 0x000000079a080000, 0x00000007c0000000)
  eden space 33280K, 100% used [0x0000000795580000,0x0000000797600000,0x0000000797600000)
  from space 5120K, 99% used [0x0000000797600000,0x0000000797af8040,0x0000000797b00000)
  to   space 5120K, 0% used [0x0000000799b80000,0x0000000799b80000,0x000000079a080000)
 ParOldGen       total 87552K, used 4659K [0x0000000740000000, 0x0000000745580000, 0x0000000795580000)
  object space 87552K, 5% used [0x0000000740000000,0x000000074048ce00,0x0000000745580000)
 Metaspace       used 15261K, capacity 15470K, committed 15616K, reserved 1062912K
  class space    used 1845K, capacity 1941K, committed 2048K, reserved 1048576K
Event: 2.814 GC heap after
Heap after GC invocations=4 (full 0):
 PSYoungGen      total 71680K, used 5104K [0x0000000795580000, 0x000000079a080000, 0x00000007c0000000)
  eden space 66560K, 0% used [0x0000000795580000,0x0000000795580000,0x0000000799680000)
  from space 5120K, 99% used [0x0000000799b80000,0x000000079a07c010,0x000000079a080000)
  to   space 5120K, 0% used [0x0000000799680000,0x0000000799680000,0x0000000799b80000)
 ParOldGen       total 87552K, used 9217K [0x0000000740000000, 0x0000000745580000, 0x0000000795580000)
  object space 87552K, 10% used [0x0000000740000000,0x0000000740900630,0x0000000745580000)
 Metaspace       used 15261K, capacity 15470K, committed 15616K, reserved 1062912K
  class space    used 1845K, capacity 1941K, committed 2048K, reserved 1048576K
}
Event: 3.569 GC heap before
{Heap before GC invocations=5 (full 0):
 PSYoungGen      total 71680K, used 71664K [0x0000000795580000, 0x000000079a080000, 0x00000007c0000000)
  eden space 66560K, 100% used [0x0000000795580000,0x0000000799680000,0x0000000799680000)
  from space 5120K, 99% used [0x0000000799b80000,0x000000079a07c010,0x000000079a080000)
  to   space 5120K, 0% used [0x0000000799680000,0x0000000799680000,0x0000000799b80000)
 ParOldGen       total 87552K, used 9217K [0x0000000740000000, 0x0000000745580000, 0x0000000795580000)
  object space 87552K, 10% used [0x0000000740000000,0x0000000740900630,0x0000000745580000)
 Metaspace       used 15712K, capacity 15872K, committed 16128K, reserved 1062912K
  class space    used 1868K, capacity 1944K, committed 2048K, reserved 1048576K
Event: 3.604 GC heap after
Heap after GC invocations=5 (full 0):
 PSYoungGen      total 71680K, used 5120K [0x0000000795580000, 0x000000079f180000, 0x00000007c0000000)
  eden space 66560K, 0% used [0x0000000795580000,0x0000000795580000,0x0000000799680000)
  from space 5120K, 100% used [0x0000000799680000,0x0000000799b80000,0x0000000799b80000)
  to   space 13312K, 0% used [0x000000079e480000,0x000000079e480000,0x000000079f180000)
 ParOldGen       total 87552K, used 16061K [0x0000000740000000, 0x0000000745580000, 0x0000000795580000)
  object space 87552K, 18% used [0x0000000740000000,0x0000000740faf728,0x0000000745580000)
 Metaspace       used 15712K, capacity 15872K, committed 16128K, reserved 1062912K
  class space    used 1868K, capacity 1944K, committed 2048K, reserved 1048576K
}
Event: 4.186 GC heap before
{Heap before GC invocations=6 (full 0):
 PSYoungGen      total 71680K, used 71680K [0x0000000795580000, 0x000000079f180000, 0x00000007c0000000)
  eden space 66560K, 100% used [0x0000000795580000,0x0000000799680000,0x0000000799680000)
  from space 5120K, 100% used [0x0000000799680000,0x0000000799b80000,0x0000000799b80000)
  to   space 13312K, 0% used [0x000000079e480000,0x000000079e480000,0x000000079f180000)
 ParOldGen       total 87552K, used 16061K [0x0000000740000000, 0x0000000745580000, 0x0000000795580000)
  object space 87552K, 18% used [0x0000000740000000,0x0000000740faf728,0x0000000745580000)
 Metaspace       used 15915K, capacity 16140K, committed 16384K, reserved 1062912K
  class space    used 1870K, capacity 1946K, committed 2048K, reserved 1048576K
Event: 4.218 GC heap after
Heap after GC invocations=6 (full 0):
 PSYoungGen      total 145408K, used 11216K [0x0000000795580000, 0x000000079f380000, 0x00000007c0000000)
  eden space 132096K, 0% used [0x0000000795580000,0x0000000795580000,0x000000079d680000)
  from space 13312K, 84% used [0x000000079e480000,0x000000079ef74010,0x000000079f180000)
  to   space 14336K, 0% used [0x000000079d680000,0x000000079d680000,0x000000079e480000)
 ParOldGen       total 87552K, used 16069K [0x0000000740000000, 0x0000000745580000, 0x0000000795580000)
  object space 87552K, 18% used [0x0000000740000000,0x0000000740fb1728,0x0000000745580000)
 Metaspace       used 15915K, capacity 16140K, committed 16384K, reserved 1062912K
  class space    used 1870K, capacity 1946K, committed 2048K, reserved 1048576K
}

Deoptimization events (10 events):
Event: 3.630 Thread 0x00007fd679001000 Uncommon trap: reason=unstable_if action=reinterpret pc=0x000000010218bf90 method=java.util.LinkedHashMap.afterNodeInsertion(Z)V @ 18
Event: 3.738 Thread 0x00007fd679001000 Uncommon trap: reason=speculate_class_check action=maybe_recompile pc=0x0000000102480ad0 method=java.nio.charset.CharsetDecoder.decode(Ljava/nio/ByteBuffer;Ljava/nio/CharBuffer;Z)Ljava/nio/charset/CoderResult; @ 57
Event: 3.738 Thread 0x00007fd679001000 Uncommon trap: reason=speculate_class_check action=maybe_recompile pc=0x0000000102480ad0 method=java.nio.charset.CharsetDecoder.decode(Ljava/nio/ByteBuffer;Ljava/nio/CharBuffer;Z)Ljava/nio/charset/CoderResult; @ 57
Event: 3.740 Thread 0x00007fd679001000 Uncommon trap: reason=speculate_class_check action=maybe_recompile pc=0x0000000102480ad0 method=java.nio.charset.CharsetDecoder.decode(Ljava/nio/ByteBuffer;Ljava/nio/CharBuffer;Z)Ljava/nio/charset/CoderResult; @ 57
Event: 3.740 Thread 0x00007fd679001000 Uncommon trap: reason=speculate_class_check action=maybe_recompile pc=0x0000000102480ad0 method=java.nio.charset.CharsetDecoder.decode(Ljava/nio/ByteBuffer;Ljava/nio/CharBuffer;Z)Ljava/nio/charset/CoderResult; @ 57
Event: 3.887 Thread 0x00007fd679001000 Uncommon trap: reason=speculate_class_check action=maybe_recompile pc=0x00000001024b1dc0 method=java.nio.charset.CharsetDecoder.decode(Ljava/nio/ByteBuffer;Ljava/nio/CharBuffer;Z)Ljava/nio/charset/CoderResult; @ 57
Event: 3.888 Thread 0x00007fd679001000 Uncommon trap: reason=speculate_class_check action=maybe_recompile pc=0x00000001024b1dc0 method=java.nio.charset.CharsetDecoder.decode(Ljava/nio/ByteBuffer;Ljava/nio/CharBuffer;Z)Ljava/nio/charset/CoderResult; @ 57
Event: 4.606 Thread 0x00007fd679001000 Uncommon trap: reason=unstable_if action=reinterpret pc=0x0000000102533a5c method=org.codehaus.plexus.interpolation.StringSearchInterpolator.interpolate(Ljava/lang/String;Lorg/codehaus/plexus/interpolation/RecursionInterceptor;Ljava/util/Set;)Ljava/lang/S
Event: 4.803 Thread 0x00007fd679001000 Uncommon trap: reason=unstable_if action=reinterpret pc=0x000000010259e2e0 method=java.lang.String.regionMatches(ZILjava/lang/String;II)Z @ 25
Event: 4.808 Thread 0x00007fd679001000 Uncommon trap: reason=null_check action=make_not_entrant pc=0x00000001025cbb48 method=org.apache.maven.model.validation.DefaultModelValidator.validateEffectiveDependency(Lorg/apache/maven/model/building/ModelProblemCollector;Lorg/apache/maven/model/Depend

Classes redefined (0 events):
No events

Internal exceptions (10 events):
Event: 1.848 Thread 0x00007fd679001000 Exception <a 'java/lang/NullPointerException'> (0x0000000796455288) thrown at [/Users/java_re/workspace/8-2-build-macosx-x86_64/jdk8u171/10807/hotspot/src/share/vm/interpreter/linkResolver.cpp, line 1185]
Event: 1.848 Thread 0x00007fd679001000 Exception <a 'java/lang/NullPointerException'> (0x00000007964554a0) thrown at [/Users/java_re/workspace/8-2-build-macosx-x86_64/jdk8u171/10807/hotspot/src/share/vm/interpreter/linkResolver.cpp, line 1185]
Event: 1.848 Thread 0x00007fd679001000 Exception <a 'java/lang/NullPointerException'> (0x00000007964556b8) thrown at [/Users/java_re/workspace/8-2-build-macosx-x86_64/jdk8u171/10807/hotspot/src/share/vm/interpreter/linkResolver.cpp, line 1185]
Event: 1.922 Thread 0x00007fd679001000 Implicit null exception at 0x0000000101f0cb75 to 0x0000000101f0cf3d
Event: 1.923 Thread 0x00007fd679001000 Implicit null exception at 0x0000000101e139b6 to 0x0000000101e13da1
Event: 2.173 Thread 0x00007fd679001000 Implicit null exception at 0x00000001021b014b to 0x00000001021b0ab5
Event: 2.939 Thread 0x00007fd679001000 Implicit null exception at 0x0000000101f98db5 to 0x0000000101f98fc9
Event: 2.939 Thread 0x00007fd679001000 Implicit null exception at 0x0000000101f324ef to 0x0000000101f32559
Event: 3.193 Thread 0x00007fd679001000 Implicit null exception at 0x00000001023e6086 to 0x00000001023e6c05
Event: 4.808 Thread 0x00007fd679001000 Implicit null exception at 0x00000001025c7999 to 0x00000001025cbb39

Events (10 events):
Event: 4.802 Thread 0x00007fd679001000 DEOPT PACKING pc=0x00000001024a22cc sp=0x000070000e97b490
Event: 4.802 Thread 0x00007fd679001000 DEOPT UNPACKING pc=0x0000000101c55784 sp=0x000070000e97b2c8 mode 0
Event: 4.802 Thread 0x00007fd679001000 DEOPT PACKING pc=0x00000001024a22cc sp=0x000070000e97b0f0
Event: 4.802 Thread 0x00007fd679001000 DEOPT UNPACKING pc=0x0000000101c55784 sp=0x000070000e97af28 mode 0
Event: 4.803 Thread 0x00007fd679001000 Uncommon trap: trap_request=0xffffff65 fr.pc=0x000000010259e2e0
Event: 4.804 Thread 0x00007fd679001000 DEOPT PACKING pc=0x000000010259e2e0 sp=0x000070000e97be10
Event: 4.804 Thread 0x00007fd679001000 DEOPT UNPACKING pc=0x0000000101c5373a sp=0x000070000e97bd88 mode 2
Event: 4.808 Thread 0x00007fd679001000 Uncommon trap: trap_request=0xfffffff4 fr.pc=0x00000001025cbb48
Event: 4.808 Thread 0x00007fd679001000 DEOPT PACKING pc=0x00000001025cbb48 sp=0x000070000e97bd80
Event: 4.808 Thread 0x00007fd679001000 DEOPT UNPACKING pc=0x0000000101c5373a sp=0x000070000e97bdc0 mode 2


Dynamic libraries:
0x00000000061a3000 	/System/Library/Frameworks/Cocoa.framework/Versions/A/Cocoa
0x00000000061a3000 	/System/Library/Frameworks/Security.framework/Versions/A/Security
0x00000000061a3000 	/System/Library/Frameworks/ApplicationServices.framework/Versions/A/ApplicationServices
0x00000000061a3000 	/usr/lib/libz.1.dylib
0x00000000061a3000 	/usr/lib/libSystem.B.dylib
0x00000000061a3000 	/usr/lib/libobjc.A.dylib
0x00000000061a3000 	/System/Library/Frameworks/CoreFoundation.framework/Versions/A/CoreFoundation
0x00000000061a3000 	/System/Library/Frameworks/Foundation.framework/Versions/C/Foundation
0x00000000061a3000 	/System/Library/Frameworks/AppKit.framework/Versions/C/AppKit
0x00000000061a3000 	/System/Library/Frameworks/CoreData.framework/Versions/A/CoreData
0x00000000061a3000 	/System/Library/PrivateFrameworks/RemoteViewServices.framework/Versions/A/RemoteViewServices
0x00000000061a3000 	/System/Library/PrivateFrameworks/UIFoundation.framework/Versions/A/UIFoundation
0x00000000061a3000 	/System/Library/PrivateFrameworks/DFRFoundation.framework/Versions/A/DFRFoundation
0x00000000061a3000 	/System/Library/Frameworks/Metal.framework/Versions/A/Metal
0x00000000061a3000 	/System/Library/PrivateFrameworks/DesktopServicesPriv.framework/Versions/A/DesktopServicesPriv
0x00000000061a3000 	/usr/lib/libenergytrace.dylib
0x00000000061a3000 	/System/Library/PrivateFrameworks/SkyLight.framework/Versions/A/SkyLight
0x00000000061a3000 	/System/Library/Frameworks/CoreGraphics.framework/Versions/A/CoreGraphics
0x00000000061a3000 	/usr/lib/libScreenReader.dylib
0x00000000061a3000 	/System/Library/Frameworks/Accelerate.framework/Versions/A/Accelerate
0x00000000061a3000 	/System/Library/Frameworks/IOSurface.framework/Versions/A/IOSurface
0x00000000061a3000 	/System/Library/Frameworks/AudioToolbox.framework/Versions/A/AudioToolbox
0x00000000061a3000 	/System/Library/Frameworks/AudioUnit.framework/Versions/A/AudioUnit
0x00000000061a3000 	/System/Library/PrivateFrameworks/DataDetectorsCore.framework/Versions/A/DataDetectorsCore
0x00000000061a3000 	/System/Library/Frameworks/Carbon.framework/Versions/A/Frameworks/HIToolbox.framework/Versions/A/HIToolbox
0x00000000061a3000 	/usr/lib/libicucore.A.dylib
0x00000000061a3000 	/System/Library/Frameworks/QuartzCore.framework/Versions/A/QuartzCore
0x00000000061a3000 	/System/Library/PrivateFrameworks/SignpostNotification.framework/Versions/A/SignpostNotification
0x00000000061a3000 	/System/Library/Frameworks/Carbon.framework/Versions/A/Frameworks/SpeechRecognition.framework/Versions/A/SpeechRecognition
0x00000000061a3000 	/usr/lib/libauto.dylib
0x00000000061a3000 	/usr/lib/libxml2.2.dylib
0x00000000061a3000 	/System/Library/PrivateFrameworks/CoreUI.framework/Versions/A/CoreUI
0x00000000061a3000 	/System/Library/Frameworks/CoreAudio.framework/Versions/A/CoreAudio
0x00000000061a3000 	/System/Library/Frameworks/DiskArbitration.framework/Versions/A/DiskArbitration
0x00000000061a3000 	/usr/lib/liblangid.dylib
0x00000000061a3000 	/System/Library/PrivateFrameworks/MultitouchSupport.framework/Versions/A/MultitouchSupport
0x00000000061a3000 	/System/Library/Frameworks/IOKit.framework/Versions/A/IOKit
0x00000000061a3000 	/usr/lib/libDiagnosticMessagesClient.dylib
0x00000000061a3000 	/System/Library/Frameworks/CoreServices.framework/Versions/A/CoreServices
0x00000000061a3000 	/System/Library/PrivateFrameworks/PerformanceAnalysis.framework/Versions/A/PerformanceAnalysis
0x00000000061a3000 	/System/Library/Frameworks/OpenGL.framework/Versions/A/OpenGL
0x00000000061a3000 	/System/Library/Frameworks/ColorSync.framework/Versions/A/ColorSync
0x00000000061a3000 	/System/Library/Frameworks/CoreImage.framework/Versions/A/CoreImage
0x00000000061a3000 	/System/Library/Frameworks/CoreText.framework/Versions/A/CoreText
0x00000000061a3000 	/System/Library/Frameworks/ImageIO.framework/Versions/A/ImageIO
0x00000000061a3000 	/System/Library/PrivateFrameworks/Backup.framework/Versions/A/Backup
0x00000000061a3000 	/usr/lib/libarchive.2.dylib
0x00000000061a3000 	/System/Library/Frameworks/CFNetwork.framework/Versions/A/CFNetwork
0x00000000061a3000 	/System/Library/Frameworks/SystemConfiguration.framework/Versions/A/SystemConfiguration
0x00000000061a3000 	/usr/lib/libCRFSuite.dylib
0x00000000061a3000 	/usr/lib/libc++.1.dylib
0x00000000061a3000 	/usr/lib/libc++abi.dylib
0x00000000061a3000 	/usr/lib/system/libcache.dylib
0x00000000061a3000 	/usr/lib/system/libcommonCrypto.dylib
0x00000000061a3000 	/usr/lib/system/libcompiler_rt.dylib
0x00000000061a3000 	/usr/lib/system/libcopyfile.dylib
0x00000000061a3000 	/usr/lib/system/libcorecrypto.dylib
0x00000000061a3000 	/usr/lib/system/libdispatch.dylib
0x00000000061a3000 	/usr/lib/system/libdyld.dylib
0x00000000061a3000 	/usr/lib/system/libkeymgr.dylib
0x00000000061a3000 	/usr/lib/system/liblaunch.dylib
0x00000000061a3000 	/usr/lib/system/libmacho.dylib
0x00000000061a3000 	/usr/lib/system/libquarantine.dylib
0x00000000061a3000 	/usr/lib/system/libremovefile.dylib
0x00000000061a3000 	/usr/lib/system/libsystem_asl.dylib
0x00000000061a3000 	/usr/lib/system/libsystem_blocks.dylib
0x00000000061a3000 	/usr/lib/system/libsystem_c.dylib
0x00000000061a3000 	/usr/lib/system/libsystem_configuration.dylib
0x00000000061a3000 	/usr/lib/system/libsystem_coreservices.dylib
0x00000000061a3000 	/usr/lib/system/libsystem_darwin.dylib
0x00000000061a3000 	/usr/lib/system/libsystem_dnssd.dylib
0x00000000061a3000 	/usr/lib/system/libsystem_info.dylib
0x00000000061a3000 	/usr/lib/system/libsystem_m.dylib
0x00000000061a3000 	/usr/lib/system/libsystem_malloc.dylib
0x00000000061a3000 	/usr/lib/system/libsystem_network.dylib
0x00000000061a3000 	/usr/lib/system/libsystem_networkextension.dylib
0x00000000061a3000 	/usr/lib/system/libsystem_notify.dylib
0x00000000061a3000 	/usr/lib/system/libsystem_sandbox.dylib
0x00000000061a3000 	/usr/lib/system/libsystem_secinit.dylib
0x00000000061a3000 	/usr/lib/system/libsystem_kernel.dylib
0x00000000061a3000 	/usr/lib/system/libsystem_platform.dylib
0x00000000061a3000 	/usr/lib/system/libsystem_pthread.dylib
0x00000000061a3000 	/usr/lib/system/libsystem_symptoms.dylib
0x00000000061a3000 	/usr/lib/system/libsystem_trace.dylib
0x00000000061a3000 	/usr/lib/system/libunwind.dylib
0x00000000061a3000 	/usr/lib/system/libxpc.dylib
0x00000000061a3000 	/usr/lib/closure/libclosured.dylib
0x00000000061a3000 	/usr/lib/libbsm.0.dylib
0x00000000061a3000 	/usr/lib/system/libkxld.dylib
0x00000000061a3000 	/usr/lib/libOpenScriptingUtil.dylib
0x00000000061a3000 	/usr/lib/libcoretls.dylib
0x00000000061a3000 	/usr/lib/libcoretls_cfhelpers.dylib
0x00000000061a3000 	/usr/lib/libpam.2.dylib
0x00000000061a3000 	/usr/lib/libsqlite3.dylib
0x00000000061a3000 	/usr/lib/libxar.1.dylib
0x00000000061a3000 	/usr/lib/libbz2.1.0.dylib
0x00000000061a3000 	/usr/lib/liblzma.5.dylib
0x00000000061a3000 	/usr/lib/libnetwork.dylib
0x00000000061a3000 	/usr/lib/libapple_nghttp2.dylib
0x00000000061a3000 	/usr/lib/libpcap.A.dylib
0x00000000061a3000 	/usr/lib/libboringssl.dylib
0x00000000061a3000 	/usr/lib/libusrtcp.dylib
0x00000000061a3000 	/usr/lib/libapple_crypto.dylib
0x00000000061a3000 	/System/Library/Frameworks/CoreServices.framework/Versions/A/Frameworks/FSEvents.framework/Versions/A/FSEvents
0x00000000061a3000 	/System/Library/Frameworks/CoreServices.framework/Versions/A/Frameworks/CarbonCore.framework/Versions/A/CarbonCore
0x00000000061a3000 	/System/Library/Frameworks/CoreServices.framework/Versions/A/Frameworks/Metadata.framework/Versions/A/Metadata
0x00000000061a3000 	/System/Library/Frameworks/CoreServices.framework/Versions/A/Frameworks/OSServices.framework/Versions/A/OSServices
0x00000000061a3000 	/System/Library/Frameworks/CoreServices.framework/Versions/A/Frameworks/SearchKit.framework/Versions/A/SearchKit
0x00000000061a3000 	/System/Library/Frameworks/CoreServices.framework/Versions/A/Frameworks/AE.framework/Versions/A/AE
0x00000000061a3000 	/System/Library/Frameworks/CoreServices.framework/Versions/A/Frameworks/LaunchServices.framework/Versions/A/LaunchServices
0x00000000061a3000 	/System/Library/Frameworks/CoreServices.framework/Versions/A/Frameworks/DictionaryServices.framework/Versions/A/DictionaryServices
0x00000000061a3000 	/System/Library/Frameworks/CoreServices.framework/Versions/A/Frameworks/SharedFileList.framework/Versions/A/SharedFileList
0x00000000061a3000 	/System/Library/Frameworks/NetFS.framework/Versions/A/NetFS
0x00000000061a3000 	/System/Library/PrivateFrameworks/NetAuth.framework/Versions/A/NetAuth
0x00000000061a3000 	/System/Library/PrivateFrameworks/login.framework/Versions/A/Frameworks/loginsupport.framework/Versions/A/loginsupport
0x00000000061a3000 	/System/Library/PrivateFrameworks/TCC.framework/Versions/A/TCC
0x00000000061a3000 	/usr/lib/libmecabra.dylib
0x00000000061a3000 	/System/Library/Frameworks/ApplicationServices.framework/Versions/A/Frameworks/ATS.framework/Versions/A/ATS
0x00000000061a3000 	/System/Library/Frameworks/ApplicationServices.framework/Versions/A/Frameworks/ColorSyncLegacy.framework/Versions/A/ColorSyncLegacy
0x00000000061a3000 	/System/Library/Frameworks/ApplicationServices.framework/Versions/A/Frameworks/HIServices.framework/Versions/A/HIServices
0x00000000061a3000 	/System/Library/Frameworks/ApplicationServices.framework/Versions/A/Frameworks/LangAnalysis.framework/Versions/A/LangAnalysis
0x00000000061a3000 	/System/Library/Frameworks/ApplicationServices.framework/Versions/A/Frameworks/PrintCore.framework/Versions/A/PrintCore
0x00000000061a3000 	/System/Library/Frameworks/ApplicationServices.framework/Versions/A/Frameworks/QD.framework/Versions/A/QD
0x00000000061a3000 	/System/Library/Frameworks/ApplicationServices.framework/Versions/A/Frameworks/SpeechSynthesis.framework/Versions/A/SpeechSynthesis
0x00000000061a3000 	/System/Library/Frameworks/CoreDisplay.framework/Versions/A/CoreDisplay
0x00000000061a3000 	/System/Library/Frameworks/Accelerate.framework/Versions/A/Frameworks/vImage.framework/Versions/A/vImage
0x00000000061a3000 	/System/Library/Frameworks/Accelerate.framework/Versions/A/Frameworks/vecLib.framework/Versions/A/vecLib
0x00000000061a3000 	/System/Library/Frameworks/Accelerate.framework/Versions/A/Frameworks/vecLib.framework/Versions/A/libvDSP.dylib
0x00000000061a3000 	/System/Library/Frameworks/Accelerate.framework/Versions/A/Frameworks/vecLib.framework/Versions/A/libBNNS.dylib
0x00000000061a3000 	/System/Library/Frameworks/Accelerate.framework/Versions/A/Frameworks/vecLib.framework/Versions/A/libQuadrature.dylib
0x00000000061a3000 	/System/Library/Frameworks/Accelerate.framework/Versions/A/Frameworks/vecLib.framework/Versions/A/libvMisc.dylib
0x00000000061a3000 	/System/Library/Frameworks/Accelerate.framework/Versions/A/Frameworks/vecLib.framework/Versions/A/libLAPACK.dylib
0x00000000061a3000 	/System/Library/Frameworks/Accelerate.framework/Versions/A/Frameworks/vecLib.framework/Versions/A/libBLAS.dylib
0x00000000061a3000 	/System/Library/Frameworks/Accelerate.framework/Versions/A/Frameworks/vecLib.framework/Versions/A/libLinearAlgebra.dylib
0x00000000061a3000 	/System/Library/Frameworks/Accelerate.framework/Versions/A/Frameworks/vecLib.framework/Versions/A/libSparse.dylib
0x00000000061a3000 	/System/Library/Frameworks/Accelerate.framework/Versions/A/Frameworks/vecLib.framework/Versions/A/libSparseBLAS.dylib
0x00000000061a3000 	/System/Library/PrivateFrameworks/GPUWrangler.framework/Versions/A/GPUWrangler
0x00000000061a3000 	/System/Library/PrivateFrameworks/IOAccelerator.framework/Versions/A/IOAccelerator
0x00000000061a3000 	/System/Library/PrivateFrameworks/IOPresentment.framework/Versions/A/IOPresentment
0x00000000061a3000 	/System/Library/PrivateFrameworks/DSExternalDisplay.framework/Versions/A/DSExternalDisplay
0x00000000061a3000 	/System/Library/Frameworks/OpenGL.framework/Versions/A/Libraries/libCoreFSCache.dylib
0x00000000061a3000 	/System/Library/Frameworks/CoreVideo.framework/Versions/A/CoreVideo
0x00000000061a3000 	/System/Library/PrivateFrameworks/GraphVisualizer.framework/Versions/A/GraphVisualizer
0x00000000061a3000 	/System/Library/Frameworks/MetalPerformanceShaders.framework/Versions/A/MetalPerformanceShaders
0x00000000061a3000 	/usr/lib/libFosl_dynamic.dylib
0x00000000061a3000 	/System/Library/PrivateFrameworks/FaceCore.framework/Versions/A/FaceCore
0x00000000061a3000 	/System/Library/Frameworks/OpenCL.framework/Versions/A/OpenCL
0x00000000061a3000 	/usr/lib/libcompression.dylib
0x00000000061a3000 	/System/Library/Frameworks/ApplicationServices.framework/Versions/A/Frameworks/ATS.framework/Versions/A/Resources/libFontParser.dylib
0x00000000061a3000 	/System/Library/Frameworks/ApplicationServices.framework/Versions/A/Frameworks/ATS.framework/Versions/A/Resources/libFontRegistry.dylib
0x00000000061a3000 	/System/Library/Frameworks/ImageIO.framework/Versions/A/Resources/libJPEG.dylib
0x00000000061a3000 	/System/Library/Frameworks/ImageIO.framework/Versions/A/Resources/libTIFF.dylib
0x00000000061a3000 	/System/Library/Frameworks/ImageIO.framework/Versions/A/Resources/libPng.dylib
0x00000000061a3000 	/System/Library/Frameworks/ImageIO.framework/Versions/A/Resources/libGIF.dylib
0x00000000061a3000 	/System/Library/Frameworks/ImageIO.framework/Versions/A/Resources/libJP2.dylib
0x00000000061a3000 	/System/Library/Frameworks/ImageIO.framework/Versions/A/Resources/libRadiance.dylib
0x00000000061a3000 	/System/Library/PrivateFrameworks/AppleJPEG.framework/Versions/A/AppleJPEG
0x00000000061a3000 	/System/Library/Frameworks/MetalPerformanceShaders.framework/Frameworks/MPSCore.framework/Versions/A/MPSCore
0x00000000061a3000 	/System/Library/Frameworks/MetalPerformanceShaders.framework/Frameworks/MPSImage.framework/Versions/A/MPSImage
0x00000000061a3000 	/System/Library/Frameworks/MetalPerformanceShaders.framework/Frameworks/MPSNeuralNetwork.framework/Versions/A/MPSNeuralNetwork
0x00000000061a3000 	/System/Library/Frameworks/MetalPerformanceShaders.framework/Frameworks/MPSMatrix.framework/Versions/A/MPSMatrix
0x00000000061a3000 	/System/Library/PrivateFrameworks/MetalTools.framework/Versions/A/MetalTools
0x00000000061a3000 	/System/Library/Frameworks/OpenGL.framework/Versions/A/Libraries/libGLU.dylib
0x00000000061a3000 	/System/Library/Frameworks/OpenGL.framework/Versions/A/Libraries/libGFXShared.dylib
0x00000000061a3000 	/System/Library/Frameworks/OpenGL.framework/Versions/A/Libraries/libGL.dylib
0x00000000061a3000 	/System/Library/Frameworks/OpenGL.framework/Versions/A/Libraries/libGLImage.dylib
0x00000000061a3000 	/System/Library/Frameworks/OpenGL.framework/Versions/A/Libraries/libCVMSPluginSupport.dylib
0x00000000061a3000 	/System/Library/Frameworks/OpenGL.framework/Versions/A/Libraries/libCoreVMClient.dylib
0x00000000061a3000 	/usr/lib/libcups.2.dylib
0x00000000061a3000 	/System/Library/Frameworks/Kerberos.framework/Versions/A/Kerberos
0x00000000061a3000 	/System/Library/Frameworks/GSS.framework/Versions/A/GSS
0x00000000061a3000 	/usr/lib/libresolv.9.dylib
0x00000000061a3000 	/usr/lib/libiconv.2.dylib
0x00000000061a3000 	/System/Library/PrivateFrameworks/Heimdal.framework/Versions/A/Heimdal
0x00000000061a3000 	/usr/lib/libheimdal-asn1.dylib
0x00000000061a3000 	/System/Library/Frameworks/OpenDirectory.framework/Versions/A/OpenDirectory
0x00000000061a3000 	/System/Library/PrivateFrameworks/CommonAuth.framework/Versions/A/CommonAuth
0x00000000061a3000 	/System/Library/Frameworks/OpenDirectory.framework/Versions/A/Frameworks/CFOpenDirectory.framework/Versions/A/CFOpenDirectory
0x00000000061a3000 	/System/Library/Frameworks/SecurityFoundation.framework/Versions/A/SecurityFoundation
0x00000000061a3000 	/System/Library/PrivateFrameworks/APFS.framework/Versions/A/APFS
0x00000000061a3000 	/usr/lib/libutil.dylib
0x00000000061a3000 	/System/Library/PrivateFrameworks/AppleSauce.framework/Versions/A/AppleSauce
0x00000000061a3000 	/System/Library/PrivateFrameworks/LinguisticData.framework/Versions/A/LinguisticData
0x00000000061a3000 	/usr/lib/libmarisa.dylib
0x00000000061a3000 	/System/Library/PrivateFrameworks/Lexicon.framework/Versions/A/Lexicon
0x00000000061a3000 	/usr/lib/libChineseTokenizer.dylib
0x00000000061a3000 	/usr/lib/libcmph.dylib
0x00000000061a3000 	/System/Library/PrivateFrameworks/LanguageModeling.framework/Versions/A/LanguageModeling
0x00000000061a3000 	/System/Library/PrivateFrameworks/CoreEmoji.framework/Versions/A/CoreEmoji
0x00000000061a3000 	/System/Library/Frameworks/ServiceManagement.framework/Versions/A/ServiceManagement
0x00000000061a3000 	/System/Library/PrivateFrameworks/BackgroundTaskManagement.framework/Versions/A/BackgroundTaskManagement
0x00000000061a3000 	/usr/lib/libxslt.1.dylib
0x00000000061a3000 	/System/Library/Frameworks/Carbon.framework/Versions/A/Frameworks/Ink.framework/Versions/A/Ink
0x00000000061a3000 	/System/Library/PrivateFrameworks/TextureIO.framework/Versions/A/TextureIO
0x00000000061a3000 	/usr/lib/libate.dylib
0x00000000061a3000 	/System/Library/PrivateFrameworks/CrashReporterSupport.framework/Versions/A/CrashReporterSupport
0x00000000061a3000 	/System/Library/PrivateFrameworks/Sharing.framework/Versions/A/Sharing
0x00000000061a3000 	/System/Library/PrivateFrameworks/IconServices.framework/Versions/A/IconServices
0x00000000061a3000 	/System/Library/PrivateFrameworks/AuthKit.framework/Versions/A/AuthKit
0x00000000061a3000 	/System/Library/PrivateFrameworks/Apple80211.framework/Versions/A/Apple80211
0x00000000061a3000 	/System/Library/PrivateFrameworks/CoreUtils.framework/Versions/A/CoreUtils
0x00000000061a3000 	/System/Library/Frameworks/CoreWLAN.framework/Versions/A/CoreWLAN
0x00000000061a3000 	/System/Library/Frameworks/IOBluetooth.framework/Versions/A/IOBluetooth
0x00000000061a3000 	/System/Library/PrivateFrameworks/ProtocolBuffer.framework/Versions/A/ProtocolBuffer
0x00000000061a3000 	/System/Library/PrivateFrameworks/MobileKeyBag.framework/Versions/A/MobileKeyBag
0x00000000061a3000 	/System/Library/PrivateFrameworks/CorePhoneNumbers.framework/Versions/A/CorePhoneNumbers
0x00000000061a3000 	/System/Library/PrivateFrameworks/AppleIDAuthSupport.framework/Versions/A/AppleIDAuthSupport
0x00000000061a3000 	/System/Library/PrivateFrameworks/KeychainCircle.framework/Versions/A/KeychainCircle
0x00000000061a3000 	/System/Library/PrivateFrameworks/CoreWiFi.framework/Versions/A/CoreWiFi
0x00000000061a3000 	/System/Library/Frameworks/CoreBluetooth.framework/Versions/A/CoreBluetooth
0x00000000061a3000 	/System/Library/PrivateFrameworks/DebugSymbols.framework/Versions/A/DebugSymbols
0x00000000061a3000 	/System/Library/PrivateFrameworks/CoreSymbolication.framework/Versions/A/CoreSymbolication
0x00000000061a3000 	/System/Library/PrivateFrameworks/Symbolication.framework/Versions/A/Symbolication
0x00000000061a3000 	/System/Library/PrivateFrameworks/AppleFSCompression.framework/Versions/A/AppleFSCompression
0x00000000061a3000 	/System/Library/PrivateFrameworks/SpeechRecognitionCore.framework/Versions/A/SpeechRecognitionCore
0x0000000100c60000 	/Library/Java/JavaVirtualMachines/jdk1.8.0_171.jdk/Contents/Home/jre/lib/server/libjvm.dylib
0x00000000061a3000 	/usr/lib/libstdc++.6.0.9.dylib
0x00000001000ac000 	/Library/Java/JavaVirtualMachines/jdk1.8.0_171.jdk/Contents/Home/jre/lib/libverify.dylib
0x00000001000ba000 	/Library/Java/JavaVirtualMachines/jdk1.8.0_171.jdk/Contents/Home/jre/lib/libjava.dylib
0x000000010013a000 	/Library/Java/JavaVirtualMachines/jdk1.8.0_171.jdk/Contents/Home/jre/lib/libzip.dylib
0x0000000118d92000 	/usr/share/maven/apache-maven-3.5.2/lib/jansi-native/osx/libjansi.jnilib
0x0000000118ef4000 	/Library/Java/JavaVirtualMachines/jdk1.8.0_171.jdk/Contents/Home/jre/lib/libnet.dylib
0x0000000118f0b000 	/Library/Java/JavaVirtualMachines/jdk1.8.0_171.jdk/Contents/Home/jre/lib/libnio.dylib

VM Arguments:
jvm_args: -Dclassworlds.conf=/usr/share/maven/apache-maven-3.5.2/bin/m2.conf -Dmaven.home=/usr/share/maven/apache-maven-3.5.2 -Dlibrary.jansi.path=/usr/share/maven/apache-maven-3.5.2/lib/jansi-native -Dmaven.multiModuleProjectDirectory=/Users/itamar/git/backend-challenge/payment-service 
java_command: org.codehaus.plexus.classworlds.launcher.Launcher clean package -DskipTests
java_class_path (initial): /usr/share/maven/apache-maven-3.5.2/boot/plexus-classworlds-2.5.2.jar
Launcher Type: SUN_STANDARD

Environment Variables:
PATH=/usr/local/opt/sqlite/bin:/anaconda3/bin:/usr/local/opt/node@8/bin:/usr/share/maven/apache-maven-3.5.2/bin:/usr/local/bin:/usr/bin:/bin:/usr/sbin:/sbin
SHELL=/bin/bash

Signal Handlers:
SIGSEGV: [libjvm.dylib+0x5b512d], sa_mask[0]=11111111011111110111111111111111, sa_flags=SA_ONSTACK|SA_RESTART|SA_SIGINFO
SIGBUS: [libjvm.dylib+0x5b512d], sa_mask[0]=11111111011111110111111111111111, sa_flags=SA_RESTART|SA_SIGINFO
SIGFPE: [libjvm.dylib+0x48aa90], sa_mask[0]=11111111011111110111111111111111, sa_flags=SA_RESTART|SA_SIGINFO
SIGPIPE: [libjvm.dylib+0x48aa90], sa_mask[0]=11111111011111110111111111111111, sa_flags=SA_RESTART|SA_SIGINFO
SIGXFSZ: [libjvm.dylib+0x48aa90], sa_mask[0]=11111111011111110111111111111111, sa_flags=SA_RESTART|SA_SIGINFO
SIGILL: [libjvm.dylib+0x48aa90], sa_mask[0]=11111111011111110111111111111111, sa_flags=SA_RESTART|SA_SIGINFO
SIGUSR1: SIG_DFL, sa_mask[0]=11011111011111100000000111000110, sa_flags=none
SIGUSR2: [libjvm.dylib+0x48a5ae], sa_mask[0]=00000000000000000000000000000000, sa_flags=SA_RESTART|SA_SIGINFO
SIGHUP: [libjvm.dylib+0x488b79], sa_mask[0]=11111111011111110111111111111111, sa_flags=SA_RESTART|SA_SIGINFO
SIGINT: [libjvm.dylib+0x488b79], sa_mask[0]=11111111011111110111111111111111, sa_flags=SA_RESTART|SA_SIGINFO
SIGTERM: [libjvm.dylib+0x488b79], sa_mask[0]=11111111011111110111111111111111, sa_flags=SA_RESTART|SA_SIGINFO
SIGQUIT: [libjvm.dylib+0x488b79], sa_mask[0]=11111111011111110111111111111111, sa_flags=SA_RESTART|SA_SIGINFO


---------------  S Y S T E M  ---------------

OS:Bsduname:Darwin 17.7.0 Darwin Kernel Version 17.7.0: Thu Jun 21 22:53:14 PDT 2018; root:xnu-4570.71.2~1/RELEASE_X86_64 x86_64
rlimit: STACK 8192k, CORE 0k, NPROC 709, NOFILE 10240, AS infinity
load average:5.57 5.37 5.43

CPU:total 4 (initial active 4) (2 cores per cpu, 2 threads per core) family 6 model 42 stepping 7, cmov, cx8, fxsr, mmx, sse, sse2, sse3, ssse3, sse4.1, sse4.2, popcnt, avx, aes, clmul, ht, tsc, tscinvbit

Memory: 4k page, physical 8388608k(853632k free)

/proc/meminfo:


vm_info: Java HotSpot(TM) 64-Bit Server VM (25.171-b11) for bsd-amd64 JRE (1.8.0_171-b11), built on Mar 28 2018 12:50:57 by "java_re" with gcc 4.2.1 (Based on Apple Inc. build 5658) (LLVM build 2336.11.00)

time: Mon Jan  7 09:05:27 2019
elapsed time: 4 seconds (0d 0h 0m 4s)

