#
# A fatal error has been detected by the Java Runtime Environment:
#
#  Internal Error (assembler_x86.cpp:739), pid=6556, tid=0x0000000000003903
#  Error: ShouldNotReachHere()
#
# JRE version: Java(TM) SE Runtime Environment (8.0_171-b11) (build 1.8.0_171-b11)
# Java VM: Java HotSpot(TM) 64-Bit Server VM (25.171-b11 mixed mode bsd-amd64 compressed oops)
# Failed to write core dump. Core dumps have been disabled. To enable core dumping, try "ulimit -c unlimited" before starting Java again
#
# If you would like to submit a bug report, please visit:
#   http://bugreport.java.com/bugreport/crash.jsp
#

---------------  T H R E A D  ---------------

Current thread (0x00007fe747817000):  JavaThread "C1 CompilerThread2" daemon [_thread_in_vm, id=14595, stack(0x000070000baea000,0x000070000bbea000)]

Stack: [0x000070000baea000,0x000070000bbea000],  sp=0x000070000bbe8ed0,  free space=1019k
Native frames: (J=compiled Java code, j=interpreted, Vv=VM code, C=native code)
V  [libjvm.dylib+0x5b491e]
V  [libjvm.dylib+0x1e85c9]
V  [libjvm.dylib+0xbcee4]
V  [libjvm.dylib+0x4daa82]
V  [libjvm.dylib+0x19c003]
V  [libjvm.dylib+0x46ff96]
V  [libjvm.dylib+0x164449]
V  [libjvm.dylib+0xe8007]
V  [libjvm.dylib+0xe87c9]
V  [libjvm.dylib+0xe89b8]
V  [libjvm.dylib+0xe9114]
V  [libjvm.dylib+0x1b767e]
V  [libjvm.dylib+0x1b9bc5]
V  [libjvm.dylib+0x56eb0f]
V  [libjvm.dylib+0x57020a]
V  [libjvm.dylib+0x48d4a6]
C  [libsystem_pthread.dylib+0x3661]  _pthread_body+0x154
C  [libsystem_pthread.dylib+0x350d]  _pthread_body+0x0
C  [libsystem_pthread.dylib+0x2bf9]  thread_start+0xd
C  0x0000000000000000


Current CompileTask:
C1:   3392 2536       2       org.apache.maven.model.building.DefaultModelBuilder::getProfileActivations (86 bytes)


---------------  P R O C E S S  ---------------

Java Threads: ( => current thread )
  0x00007fe748801000 JavaThread "Service Thread" daemon [_thread_blocked, id=17411, stack(0x000070000bbed000,0x000070000bced000)]
=>0x00007fe747817000 JavaThread "C1 CompilerThread2" daemon [_thread_in_vm, id=14595, stack(0x000070000baea000,0x000070000bbea000)]
  0x00007fe747816800 JavaThread "C2 CompilerThread1" daemon [_thread_in_native, id=18179, stack(0x000070000b9e7000,0x000070000bae7000)]
  0x00007fe74782f000 JavaThread "C2 CompilerThread0" daemon [_thread_in_native, id=18435, stack(0x000070000b8e4000,0x000070000b9e4000)]
  0x00007fe74782d800 JavaThread "Signal Dispatcher" daemon [_thread_blocked, id=14083, stack(0x000070000b7e1000,0x000070000b8e1000)]
  0x00007fe74803d800 JavaThread "Finalizer" daemon [_thread_blocked, id=20483, stack(0x000070000b6de000,0x000070000b7de000)]
  0x00007fe747818800 JavaThread "Reference Handler" daemon [_thread_blocked, id=20739, stack(0x000070000b5db000,0x000070000b6db000)]
  0x00007fe748802000 JavaThread "main" [_thread_blocked, id=6659, stack(0x000070000afc9000,0x000070000b0c9000)]

Other Threads:
  0x00007fe749020800 VMThread [stack: 0x000070000b4d8000,0x000070000b5d8000] [id=11523]
  0x00007fe74881b800 WatcherThread [stack: 0x000070000bcf0000,0x000070000bdf0000] [id=15107]

VM state:not at safepoint (normal execution)

VM Mutex/Monitor currently owned by a thread:  ([mutex/lock_event])
[0x00007fe747503530] Compile_lock - owner thread: 0x00007fe747817000
[0x00007fe747503630] MethodCompileQueue_lock - owner thread: 0x00007fe747817000

Heap:
 PSYoungGen      total 71680K, used 47333K [0x0000000795580000, 0x000000079a080000, 0x00000007c0000000)
  eden space 66560K, 63% used [0x0000000795580000,0x0000000797ec1640,0x0000000799680000)
  from space 5120K, 99% used [0x0000000799b80000,0x000000079a078020,0x000000079a080000)
  to   space 5120K, 0% used [0x0000000799680000,0x0000000799680000,0x0000000799b80000)
 ParOldGen       total 87552K, used 8774K [0x0000000740000000, 0x0000000745580000, 0x0000000795580000)
  object space 87552K, 10% used [0x0000000740000000,0x0000000740891990,0x0000000745580000)
 Metaspace       used 15554K, capacity 15726K, committed 16128K, reserved 1062912K
  class space    used 1866K, capacity 1941K, committed 2048K, reserved 1048576K

Card table byte_map: [0x000000010e7b7000,0x000000010ebb8000] byte_map_base: 0x000000010adb7000

Marking Bits: (ParMarkBitMap*) 0x000000010dcf76e0
 Begin Bits: [0x000000010ee63000, 0x0000000110e63000)
 End Bits:   [0x0000000110e63000, 0x0000000112e63000)

Polling page: 0x000000010cbf2000

CodeCache: size=245760Kb used=7718Kb max_used=7718Kb free=238041Kb
 bounds [0x0000000116d0b000, 0x000000011749b000, 0x0000000125d0b000]
 total_blobs=2846 nmethods=2499 adapters=260
 compilation: enabled

Compilation events (10 events):
Event: 3.360 Thread 0x00007fe747817000 nmethod 2528 0x0000000117498910 code [0x0000000117498a60, 0x0000000117498b70]
Event: 3.363 Thread 0x00007fe747817000 2532       2       org.apache.maven.model.merge.ModelMerger::mergeDependency (82 bytes)
Event: 3.364 Thread 0x00007fe747817000 nmethod 2532 0x0000000117498bd0 code [0x0000000117498da0, 0x00000001174990c8]
Event: 3.364 Thread 0x00007fe747817000 2534       2       java.util.regex.Pattern$Curly::match (86 bytes)
Event: 3.364 Thread 0x00007fe747817000 nmethod 2534 0x00000001174992d0 code [0x0000000117499460, 0x0000000117499738]
Event: 3.364 Thread 0x00007fe747817000 2533       2       org.apache.maven.model.merge.ModelMerger::mergeDependency_GroupId (41 bytes)
Event: 3.365 Thread 0x00007fe747817000 nmethod 2533 0x00000001174998d0 code [0x0000000117499a60, 0x0000000117499d78]
Event: 3.369 Thread 0x00007fe747817000 2535       2       org.eclipse.aether.util.graph.selector.OptionalDependencySelector::selectDependency (21 bytes)
Event: 3.370 Thread 0x00007fe747817000 nmethod 2535 0x0000000117499f90 code [0x000000011749a100, 0x000000011749a310]
Event: 3.370 Thread 0x00007fe747817000 2536       2       org.apache.maven.model.building.DefaultModelBuilder::getProfileActivations (86 bytes)

GC Heap History (8 events):
Event: 0.895 GC heap before
{Heap before GC invocations=1 (full 0):
 PSYoungGen      total 38400K, used 33280K [0x0000000795580000, 0x0000000798000000, 0x00000007c0000000)
  eden space 33280K, 100% used [0x0000000795580000,0x0000000797600000,0x0000000797600000)
  from space 5120K, 0% used [0x0000000797b00000,0x0000000797b00000,0x0000000798000000)
  to   space 5120K, 0% used [0x0000000797600000,0x0000000797600000,0x0000000797b00000)
 ParOldGen       total 87552K, used 0K [0x0000000740000000, 0x0000000745580000, 0x0000000795580000)
  object space 87552K, 0% used [0x0000000740000000,0x0000000740000000,0x0000000745580000)
 Metaspace       used 8173K, capacity 8284K, committed 8576K, reserved 1056768K
  class space    used 1006K, capacity 1080K, committed 1152K, reserved 1048576K
Event: 0.903 GC heap after
Heap after GC invocations=1 (full 0):
 PSYoungGen      total 38400K, used 5059K [0x0000000795580000, 0x0000000798000000, 0x00000007c0000000)
  eden space 33280K, 0% used [0x0000000795580000,0x0000000795580000,0x0000000797600000)
  from space 5120K, 98% used [0x0000000797600000,0x0000000797af0f58,0x0000000797b00000)
  to   space 5120K, 0% used [0x0000000797b00000,0x0000000797b00000,0x0000000798000000)
 ParOldGen       total 87552K, used 8K [0x0000000740000000, 0x0000000745580000, 0x0000000795580000)
  object space 87552K, 0% used [0x0000000740000000,0x0000000740002000,0x0000000745580000)
 Metaspace       used 8173K, capacity 8284K, committed 8576K, reserved 1056768K
  class space    used 1006K, capacity 1080K, committed 1152K, reserved 1048576K
}
Event: 1.395 GC heap before
{Heap before GC invocations=2 (full 0):
 PSYoungGen      total 38400K, used 38339K [0x0000000795580000, 0x0000000798000000, 0x00000007c0000000)
  eden space 33280K, 100% used [0x0000000795580000,0x0000000797600000,0x0000000797600000)
  from space 5120K, 98% used [0x0000000797600000,0x0000000797af0f58,0x0000000797b00000)
  to   space 5120K, 0% used [0x0000000797b00000,0x0000000797b00000,0x0000000798000000)
 ParOldGen       total 87552K, used 8K [0x0000000740000000, 0x0000000745580000, 0x0000000795580000)
  object space 87552K, 0% used [0x0000000740000000,0x0000000740002000,0x0000000745580000)
 Metaspace       used 11748K, capacity 11944K, committed 12160K, reserved 1060864K
  class space    used 1462K, capacity 1572K, committed 1664K, reserved 1048576K
Event: 1.404 GC heap after
Heap after GC invocations=2 (full 0):
 PSYoungGen      total 38400K, used 5117K [0x0000000795580000, 0x000000079a080000, 0x00000007c0000000)
  eden space 33280K, 0% used [0x0000000795580000,0x0000000795580000,0x0000000797600000)
  from space 5120K, 99% used [0x0000000797b00000,0x0000000797fff6c8,0x0000000798000000)
  to   space 5120K, 0% used [0x0000000797600000,0x0000000797600000,0x0000000797b00000)
 ParOldGen       total 87552K, used 1796K [0x0000000740000000, 0x0000000745580000, 0x0000000795580000)
  object space 87552K, 2% used [0x0000000740000000,0x00000007401c1198,0x0000000745580000)
 Metaspace       used 11748K, capacity 11944K, committed 12160K, reserved 1060864K
  class space    used 1462K, capacity 1572K, committed 1664K, reserved 1048576K
}
Event: 2.384 GC heap before
{Heap before GC invocations=3 (full 0):
 PSYoungGen      total 38400K, used 38397K [0x0000000795580000, 0x000000079a080000, 0x00000007c0000000)
  eden space 33280K, 100% used [0x0000000795580000,0x0000000797600000,0x0000000797600000)
  from space 5120K, 99% used [0x0000000797b00000,0x0000000797fff6c8,0x0000000798000000)
  to   space 5120K, 0% used [0x0000000797600000,0x0000000797600000,0x0000000797b00000)
 ParOldGen       total 87552K, used 1796K [0x0000000740000000, 0x0000000745580000, 0x0000000795580000)
  object space 87552K, 2% used [0x0000000740000000,0x00000007401c1198,0x0000000745580000)
 Metaspace       used 14788K, capacity 14984K, committed 15232K, reserved 1062912K
  class space    used 1822K, capacity 1908K, committed 1920K, reserved 1048576K
Event: 2.400 GC heap after
Heap after GC invocations=3 (full 0):
 PSYoungGen      total 38400K, used 5104K [0x0000000795580000, 0x000000079a080000, 0x00000007c0000000)
  eden space 33280K, 0% used [0x0000000795580000,0x0000000795580000,0x0000000797600000)
  from space 5120K, 99% used [0x0000000797600000,0x0000000797afc030,0x0000000797b00000)
  to   space 5120K, 0% used [0x0000000799b80000,0x0000000799b80000,0x000000079a080000)
 ParOldGen       total 87552K, used 4708K [0x0000000740000000, 0x0000000745580000, 0x0000000795580000)
  object space 87552K, 5% used [0x0000000740000000,0x0000000740499240,0x0000000745580000)
 Metaspace       used 14788K, capacity 14984K, committed 15232K, reserved 1062912K
  class space    used 1822K, capacity 1908K, committed 1920K, reserved 1048576K
}
Event: 2.883 GC heap before
{Heap before GC invocations=4 (full 0):
 PSYoungGen      total 38400K, used 38384K [0x0000000795580000, 0x000000079a080000, 0x00000007c0000000)
  eden space 33280K, 100% used [0x0000000795580000,0x0000000797600000,0x0000000797600000)
  from space 5120K, 99% used [0x0000000797600000,0x0000000797afc030,0x0000000797b00000)
  to   space 5120K, 0% used [0x0000000799b80000,0x0000000799b80000,0x000000079a080000)
 ParOldGen       total 87552K, used 4708K [0x0000000740000000, 0x0000000745580000, 0x0000000795580000)
  object space 87552K, 5% used [0x0000000740000000,0x0000000740499240,0x0000000745580000)
 Metaspace       used 15266K, capacity 15470K, committed 15872K, reserved 1062912K
  class space    used 1845K, capacity 1941K, committed 2048K, reserved 1048576K
Event: 2.906 GC heap after
Heap after GC invocations=4 (full 0):
 PSYoungGen      total 71680K, used 5088K [0x0000000795580000, 0x000000079a080000, 0x00000007c0000000)
  eden space 66560K, 0% used [0x0000000795580000,0x0000000795580000,0x0000000799680000)
  from space 5120K, 99% used [0x0000000799b80000,0x000000079a078020,0x000000079a080000)
  to   space 5120K, 0% used [0x0000000799680000,0x0000000799680000,0x0000000799b80000)
 ParOldGen       total 87552K, used 8774K [0x0000000740000000, 0x0000000745580000, 0x0000000795580000)
  object space 87552K, 10% used [0x0000000740000000,0x0000000740891990,0x0000000745580000)
 Metaspace       used 15266K, capacity 15470K, committed 15872K, reserved 1062912K
  class space    used 1845K, capacity 1941K, committed 2048K, reserved 1048576K
}

Deoptimization events (10 events):
Event: 2.997 Thread 0x00007fe748802000 Uncommon trap: reason=unstable_if action=reinterpret pc=0x0000000117094d18 method=java.util.HashMap.hash(Ljava/lang/Object;)I @ 1
Event: 2.997 Thread 0x00007fe748802000 Uncommon trap: reason=unstable_if action=reinterpret pc=0x0000000117032b68 method=java.util.HashMap.hash(Ljava/lang/Object;)I @ 1
Event: 3.046 Thread 0x00007fe748802000 Uncommon trap: reason=unstable_if action=reinterpret pc=0x000000011743fa74 method=org.codehaus.plexus.util.xml.pull.MXParser.nextImpl()I @ 972
Event: 3.138 Thread 0x00007fe748802000 Uncommon trap: reason=bimorphic action=maybe_recompile pc=0x0000000117267db8 method=java.util.concurrent.ConcurrentHashMap.get(Ljava/lang/Object;)Ljava/lang/Object; @ 149
Event: 3.173 Thread 0x00007fe748802000 Uncommon trap: reason=null_check action=make_not_entrant pc=0x00000001174666e0 method=org.apache.maven.model.io.xpp3.MavenXpp3Reader.checkFieldWithDuplicate(Lorg/codehaus/plexus/util/xml/pull/XmlPullParser;Ljava/lang/String;Ljava/lang/String;Ljava/util/Se
Event: 3.182 Thread 0x00007fe748802000 Uncommon trap: reason=bimorphic action=maybe_recompile pc=0x0000000117267db8 method=java.util.concurrent.ConcurrentHashMap.get(Ljava/lang/Object;)Ljava/lang/Object; @ 149
Event: 3.198 Thread 0x00007fe748802000 Uncommon trap: reason=bimorphic action=maybe_recompile pc=0x0000000117267db8 method=java.util.concurrent.ConcurrentHashMap.get(Ljava/lang/Object;)Ljava/lang/Object; @ 149
Event: 3.249 Thread 0x00007fe748802000 Uncommon trap: reason=bimorphic action=maybe_recompile pc=0x0000000117267db8 method=java.util.concurrent.ConcurrentHashMap.get(Ljava/lang/Object;)Ljava/lang/Object; @ 149
Event: 3.304 Thread 0x00007fe748802000 Uncommon trap: reason=unstable_if action=reinterpret pc=0x000000011746096c method=org.codehaus.plexus.util.xml.pull.MXParser.nextImpl()I @ 280
Event: 3.351 Thread 0x00007fe748802000 Uncommon trap: reason=unstable_if action=reinterpret pc=0x000000011748f590 method=java.util.regex.Pattern$Curly.match(Ljava/util/regex/Matcher;ILjava/lang/CharSequence;)Z @ 45

Classes redefined (0 events):
No events

Internal exceptions (10 events):
Event: 1.926 Thread 0x00007fe748802000 Exception <a 'java/lang/NullPointerException'> (0x000000079643ba08) thrown at [/Users/java_re/workspace/8-2-build-macosx-x86_64/jdk8u171/10807/hotspot/src/share/vm/interpreter/linkResolver.cpp, line 1185]
Event: 1.928 Thread 0x00007fe748802000 Exception <a 'java/lang/NullPointerException'> (0x0000000796452548) thrown at [/Users/java_re/workspace/8-2-build-macosx-x86_64/jdk8u171/10807/hotspot/src/share/vm/interpreter/linkResolver.cpp, line 1185]
Event: 1.928 Thread 0x00007fe748802000 Exception <a 'java/lang/NullPointerException'> (0x0000000796452760) thrown at [/Users/java_re/workspace/8-2-build-macosx-x86_64/jdk8u171/10807/hotspot/src/share/vm/interpreter/linkResolver.cpp, line 1185]
Event: 1.928 Thread 0x00007fe748802000 Exception <a 'java/lang/NullPointerException'> (0x0000000796452978) thrown at [/Users/java_re/workspace/8-2-build-macosx-x86_64/jdk8u171/10807/hotspot/src/share/vm/interpreter/linkResolver.cpp, line 1185]
Event: 1.992 Thread 0x00007fe748802000 Implicit null exception at 0x00000001170103b5 to 0x0000000117010765
Event: 1.992 Thread 0x00007fe748802000 Implicit null exception at 0x0000000116f186f6 to 0x0000000116f18aa9
Event: 2.255 Thread 0x00007fe748802000 Implicit null exception at 0x00000001172b284b to 0x00000001172b31b5
Event: 2.997 Thread 0x00007fe748802000 Implicit null exception at 0x0000000117094af5 to 0x0000000117094d09
Event: 2.997 Thread 0x00007fe748802000 Implicit null exception at 0x0000000117032aef to 0x0000000117032b59
Event: 3.173 Thread 0x00007fe748802000 Implicit null exception at 0x0000000117465b46 to 0x00000001174666c5

Events (10 events):
Event: 3.215 loading class org/eclipse/aether/util/graph/selector/ExclusionDependencySelector$ExclusionComparator done
Event: 3.249 Thread 0x00007fe748802000 Uncommon trap: trap_request=0xffffffc6 fr.pc=0x0000000117267db8
Event: 3.249 Thread 0x00007fe748802000 DEOPT PACKING pc=0x0000000117267db8 sp=0x000070000b0c5f20
Event: 3.249 Thread 0x00007fe748802000 DEOPT UNPACKING pc=0x0000000116d5073a sp=0x000070000b0c5ea8 mode 2
Event: 3.304 Thread 0x00007fe748802000 Uncommon trap: trap_request=0xffffff65 fr.pc=0x000000011746096c
Event: 3.304 Thread 0x00007fe748802000 DEOPT PACKING pc=0x000000011746096c sp=0x000070000b0c58b0
Event: 3.304 Thread 0x00007fe748802000 DEOPT UNPACKING pc=0x0000000116d5073a sp=0x000070000b0c5838 mode 2
Event: 3.351 Thread 0x00007fe748802000 Uncommon trap: trap_request=0xffffff65 fr.pc=0x000000011748f590
Event: 3.351 Thread 0x00007fe748802000 DEOPT PACKING pc=0x000000011748f590 sp=0x000070000b0c5ae0
Event: 3.351 Thread 0x00007fe748802000 DEOPT UNPACKING pc=0x0000000116d5073a sp=0x000070000b0c5aa0 mode 2


Dynamic libraries:
0x00000000061a3000 	/System/Library/Frameworks/Cocoa.framework/Versions/A/Cocoa
0x00000000061a3000 	/System/Library/Frameworks/Security.framework/Versions/A/Security
0x00000000061a3000 	/System/Library/Frameworks/ApplicationServices.framework/Versions/A/ApplicationServices
0x00000000061a3000 	/usr/lib/libz.1.dylib
0x00000000061a3000 	/usr/lib/libSystem.B.dylib
0x00000000061a3000 	/usr/lib/libobjc.A.dylib
0x00000000061a3000 	/System/Library/Frameworks/CoreFoundation.framework/Versions/A/CoreFoundation
0x00000000061a3000 	/System/Library/Frameworks/Foundation.framework/Versions/C/Foundation
0x00000000061a3000 	/System/Library/Frameworks/AppKit.framework/Versions/C/AppKit
0x00000000061a3000 	/System/Library/Frameworks/CoreData.framework/Versions/A/CoreData
0x00000000061a3000 	/System/Library/PrivateFrameworks/RemoteViewServices.framework/Versions/A/RemoteViewServices
0x00000000061a3000 	/System/Library/PrivateFrameworks/UIFoundation.framework/Versions/A/UIFoundation
0x00000000061a3000 	/System/Library/PrivateFrameworks/DFRFoundation.framework/Versions/A/DFRFoundation
0x00000000061a3000 	/System/Library/Frameworks/Metal.framework/Versions/A/Metal
0x00000000061a3000 	/System/Library/PrivateFrameworks/DesktopServicesPriv.framework/Versions/A/DesktopServicesPriv
0x00000000061a3000 	/usr/lib/libenergytrace.dylib
0x00000000061a3000 	/System/Library/PrivateFrameworks/SkyLight.framework/Versions/A/SkyLight
0x00000000061a3000 	/System/Library/Frameworks/CoreGraphics.framework/Versions/A/CoreGraphics
0x00000000061a3000 	/usr/lib/libScreenReader.dylib
0x00000000061a3000 	/System/Library/Frameworks/Accelerate.framework/Versions/A/Accelerate
0x00000000061a3000 	/System/Library/Frameworks/IOSurface.framework/Versions/A/IOSurface
0x00000000061a3000 	/System/Library/Frameworks/AudioToolbox.framework/Versions/A/AudioToolbox
0x00000000061a3000 	/System/Library/Frameworks/AudioUnit.framework/Versions/A/AudioUnit
0x00000000061a3000 	/System/Library/PrivateFrameworks/DataDetectorsCore.framework/Versions/A/DataDetectorsCore
0x00000000061a3000 	/System/Library/Frameworks/Carbon.framework/Versions/A/Frameworks/HIToolbox.framework/Versions/A/HIToolbox
0x00000000061a3000 	/usr/lib/libicucore.A.dylib
0x00000000061a3000 	/System/Library/Frameworks/QuartzCore.framework/Versions/A/QuartzCore
0x00000000061a3000 	/System/Library/PrivateFrameworks/SignpostNotification.framework/Versions/A/SignpostNotification
0x00000000061a3000 	/System/Library/Frameworks/Carbon.framework/Versions/A/Frameworks/SpeechRecognition.framework/Versions/A/SpeechRecognition
0x00000000061a3000 	/usr/lib/libauto.dylib
0x00000000061a3000 	/usr/lib/libxml2.2.dylib
0x00000000061a3000 	/System/Library/PrivateFrameworks/CoreUI.framework/Versions/A/CoreUI
0x00000000061a3000 	/System/Library/Frameworks/CoreAudio.framework/Versions/A/CoreAudio
0x00000000061a3000 	/System/Library/Frameworks/DiskArbitration.framework/Versions/A/DiskArbitration
0x00000000061a3000 	/usr/lib/liblangid.dylib
0x00000000061a3000 	/System/Library/PrivateFrameworks/MultitouchSupport.framework/Versions/A/MultitouchSupport
0x00000000061a3000 	/System/Library/Frameworks/IOKit.framework/Versions/A/IOKit
0x00000000061a3000 	/usr/lib/libDiagnosticMessagesClient.dylib
0x00000000061a3000 	/System/Library/Frameworks/CoreServices.framework/Versions/A/CoreServices
0x00000000061a3000 	/System/Library/PrivateFrameworks/PerformanceAnalysis.framework/Versions/A/PerformanceAnalysis
0x00000000061a3000 	/System/Library/Frameworks/OpenGL.framework/Versions/A/OpenGL
0x00000000061a3000 	/System/Library/Frameworks/ColorSync.framework/Versions/A/ColorSync
0x00000000061a3000 	/System/Library/Frameworks/CoreImage.framework/Versions/A/CoreImage
0x00000000061a3000 	/System/Library/Frameworks/CoreText.framework/Versions/A/CoreText
0x00000000061a3000 	/System/Library/Frameworks/ImageIO.framework/Versions/A/ImageIO
0x00000000061a3000 	/System/Library/PrivateFrameworks/Backup.framework/Versions/A/Backup
0x00000000061a3000 	/usr/lib/libarchive.2.dylib
0x00000000061a3000 	/System/Library/Frameworks/CFNetwork.framework/Versions/A/CFNetwork
0x00000000061a3000 	/System/Library/Frameworks/SystemConfiguration.framework/Versions/A/SystemConfiguration
0x00000000061a3000 	/usr/lib/libCRFSuite.dylib
0x00000000061a3000 	/usr/lib/libc++.1.dylib
0x00000000061a3000 	/usr/lib/libc++abi.dylib
0x00000000061a3000 	/usr/lib/system/libcache.dylib
0x00000000061a3000 	/usr/lib/system/libcommonCrypto.dylib
0x00000000061a3000 	/usr/lib/system/libcompiler_rt.dylib
0x00000000061a3000 	/usr/lib/system/libcopyfile.dylib
0x00000000061a3000 	/usr/lib/system/libcorecrypto.dylib
0x00000000061a3000 	/usr/lib/system/libdispatch.dylib
0x00000000061a3000 	/usr/lib/system/libdyld.dylib
0x00000000061a3000 	/usr/lib/system/libkeymgr.dylib
0x00000000061a3000 	/usr/lib/system/liblaunch.dylib
0x00000000061a3000 	/usr/lib/system/libmacho.dylib
0x00000000061a3000 	/usr/lib/system/libquarantine.dylib
0x00000000061a3000 	/usr/lib/system/libremovefile.dylib
0x00000000061a3000 	/usr/lib/system/libsystem_asl.dylib
0x00000000061a3000 	/usr/lib/system/libsystem_blocks.dylib
0x00000000061a3000 	/usr/lib/system/libsystem_c.dylib
0x00000000061a3000 	/usr/lib/system/libsystem_configuration.dylib
0x00000000061a3000 	/usr/lib/system/libsystem_coreservices.dylib
0x00000000061a3000 	/usr/lib/system/libsystem_darwin.dylib
0x00000000061a3000 	/usr/lib/system/libsystem_dnssd.dylib
0x00000000061a3000 	/usr/lib/system/libsystem_info.dylib
0x00000000061a3000 	/usr/lib/system/libsystem_m.dylib
0x00000000061a3000 	/usr/lib/system/libsystem_malloc.dylib
0x00000000061a3000 	/usr/lib/system/libsystem_network.dylib
0x00000000061a3000 	/usr/lib/system/libsystem_networkextension.dylib
0x00000000061a3000 	/usr/lib/system/libsystem_notify.dylib
0x00000000061a3000 	/usr/lib/system/libsystem_sandbox.dylib
0x00000000061a3000 	/usr/lib/system/libsystem_secinit.dylib
0x00000000061a3000 	/usr/lib/system/libsystem_kernel.dylib
0x00000000061a3000 	/usr/lib/system/libsystem_platform.dylib
0x00000000061a3000 	/usr/lib/system/libsystem_pthread.dylib
0x00000000061a3000 	/usr/lib/system/libsystem_symptoms.dylib
0x00000000061a3000 	/usr/lib/system/libsystem_trace.dylib
0x00000000061a3000 	/usr/lib/system/libunwind.dylib
0x00000000061a3000 	/usr/lib/system/libxpc.dylib
0x00000000061a3000 	/usr/lib/closure/libclosured.dylib
0x00000000061a3000 	/usr/lib/libbsm.0.dylib
0x00000000061a3000 	/usr/lib/system/libkxld.dylib
0x00000000061a3000 	/usr/lib/libOpenScriptingUtil.dylib
0x00000000061a3000 	/usr/lib/libcoretls.dylib
0x00000000061a3000 	/usr/lib/libcoretls_cfhelpers.dylib
0x00000000061a3000 	/usr/lib/libpam.2.dylib
0x00000000061a3000 	/usr/lib/libsqlite3.dylib
0x00000000061a3000 	/usr/lib/libxar.1.dylib
0x00000000061a3000 	/usr/lib/libbz2.1.0.dylib
0x00000000061a3000 	/usr/lib/liblzma.5.dylib
0x00000000061a3000 	/usr/lib/libnetwork.dylib
0x00000000061a3000 	/usr/lib/libapple_nghttp2.dylib
0x00000000061a3000 	/usr/lib/libpcap.A.dylib
0x00000000061a3000 	/usr/lib/libboringssl.dylib
0x00000000061a3000 	/usr/lib/libusrtcp.dylib
0x00000000061a3000 	/usr/lib/libapple_crypto.dylib
0x00000000061a3000 	/System/Library/Frameworks/CoreServices.framework/Versions/A/Frameworks/FSEvents.framework/Versions/A/FSEvents
0x00000000061a3000 	/System/Library/Frameworks/CoreServices.framework/Versions/A/Frameworks/CarbonCore.framework/Versions/A/CarbonCore
0x00000000061a3000 	/System/Library/Frameworks/CoreServices.framework/Versions/A/Frameworks/Metadata.framework/Versions/A/Metadata
0x00000000061a3000 	/System/Library/Frameworks/CoreServices.framework/Versions/A/Frameworks/OSServices.framework/Versions/A/OSServices
0x00000000061a3000 	/System/Library/Frameworks/CoreServices.framework/Versions/A/Frameworks/SearchKit.framework/Versions/A/SearchKit
0x00000000061a3000 	/System/Library/Frameworks/CoreServices.framework/Versions/A/Frameworks/AE.framework/Versions/A/AE
0x00000000061a3000 	/System/Library/Frameworks/CoreServices.framework/Versions/A/Frameworks/LaunchServices.framework/Versions/A/LaunchServices
0x00000000061a3000 	/System/Library/Frameworks/CoreServices.framework/Versions/A/Frameworks/DictionaryServices.framework/Versions/A/DictionaryServices
0x00000000061a3000 	/System/Library/Frameworks/CoreServices.framework/Versions/A/Frameworks/SharedFileList.framework/Versions/A/SharedFileList
0x00000000061a3000 	/System/Library/Frameworks/NetFS.framework/Versions/A/NetFS
0x00000000061a3000 	/System/Library/PrivateFrameworks/NetAuth.framework/Versions/A/NetAuth
0x00000000061a3000 	/System/Library/PrivateFrameworks/login.framework/Versions/A/Frameworks/loginsupport.framework/Versions/A/loginsupport
0x00000000061a3000 	/System/Library/PrivateFrameworks/TCC.framework/Versions/A/TCC
0x00000000061a3000 	/usr/lib/libmecabra.dylib
0x00000000061a3000 	/System/Library/Frameworks/ApplicationServices.framework/Versions/A/Frameworks/ATS.framework/Versions/A/ATS
0x00000000061a3000 	/System/Library/Frameworks/ApplicationServices.framework/Versions/A/Frameworks/ColorSyncLegacy.framework/Versions/A/ColorSyncLegacy
0x00000000061a3000 	/System/Library/Frameworks/ApplicationServices.framework/Versions/A/Frameworks/HIServices.framework/Versions/A/HIServices
0x00000000061a3000 	/System/Library/Frameworks/ApplicationServices.framework/Versions/A/Frameworks/LangAnalysis.framework/Versions/A/LangAnalysis
0x00000000061a3000 	/System/Library/Frameworks/ApplicationServices.framework/Versions/A/Frameworks/PrintCore.framework/Versions/A/PrintCore
0x00000000061a3000 	/System/Library/Frameworks/ApplicationServices.framework/Versions/A/Frameworks/QD.framework/Versions/A/QD
0x00000000061a3000 	/System/Library/Frameworks/ApplicationServices.framework/Versions/A/Frameworks/SpeechSynthesis.framework/Versions/A/SpeechSynthesis
0x00000000061a3000 	/System/Library/Frameworks/CoreDisplay.framework/Versions/A/CoreDisplay
0x00000000061a3000 	/System/Library/Frameworks/Accelerate.framework/Versions/A/Frameworks/vImage.framework/Versions/A/vImage
0x00000000061a3000 	/System/Library/Frameworks/Accelerate.framework/Versions/A/Frameworks/vecLib.framework/Versions/A/vecLib
0x00000000061a3000 	/System/Library/Frameworks/Accelerate.framework/Versions/A/Frameworks/vecLib.framework/Versions/A/libvDSP.dylib
0x00000000061a3000 	/System/Library/Frameworks/Accelerate.framework/Versions/A/Frameworks/vecLib.framework/Versions/A/libBNNS.dylib
0x00000000061a3000 	/System/Library/Frameworks/Accelerate.framework/Versions/A/Frameworks/vecLib.framework/Versions/A/libQuadrature.dylib
0x00000000061a3000 	/System/Library/Frameworks/Accelerate.framework/Versions/A/Frameworks/vecLib.framework/Versions/A/libvMisc.dylib
0x00000000061a3000 	/System/Library/Frameworks/Accelerate.framework/Versions/A/Frameworks/vecLib.framework/Versions/A/libLAPACK.dylib
0x00000000061a3000 	/System/Library/Frameworks/Accelerate.framework/Versions/A/Frameworks/vecLib.framework/Versions/A/libBLAS.dylib
0x00000000061a3000 	/System/Library/Frameworks/Accelerate.framework/Versions/A/Frameworks/vecLib.framework/Versions/A/libLinearAlgebra.dylib
0x00000000061a3000 	/System/Library/Frameworks/Accelerate.framework/Versions/A/Frameworks/vecLib.framework/Versions/A/libSparse.dylib
0x00000000061a3000 	/System/Library/Frameworks/Accelerate.framework/Versions/A/Frameworks/vecLib.framework/Versions/A/libSparseBLAS.dylib
0x00000000061a3000 	/System/Library/PrivateFrameworks/GPUWrangler.framework/Versions/A/GPUWrangler
0x00000000061a3000 	/System/Library/PrivateFrameworks/IOAccelerator.framework/Versions/A/IOAccelerator
0x00000000061a3000 	/System/Library/PrivateFrameworks/IOPresentment.framework/Versions/A/IOPresentment
0x00000000061a3000 	/System/Library/PrivateFrameworks/DSExternalDisplay.framework/Versions/A/DSExternalDisplay
0x00000000061a3000 	/System/Library/Frameworks/OpenGL.framework/Versions/A/Libraries/libCoreFSCache.dylib
0x00000000061a3000 	/System/Library/Frameworks/CoreVideo.framework/Versions/A/CoreVideo
0x00000000061a3000 	/System/Library/PrivateFrameworks/GraphVisualizer.framework/Versions/A/GraphVisualizer
0x00000000061a3000 	/System/Library/Frameworks/MetalPerformanceShaders.framework/Versions/A/MetalPerformanceShaders
0x00000000061a3000 	/usr/lib/libFosl_dynamic.dylib
0x00000000061a3000 	/System/Library/PrivateFrameworks/FaceCore.framework/Versions/A/FaceCore
0x00000000061a3000 	/System/Library/Frameworks/OpenCL.framework/Versions/A/OpenCL
0x00000000061a3000 	/usr/lib/libcompression.dylib
0x00000000061a3000 	/System/Library/Frameworks/ApplicationServices.framework/Versions/A/Frameworks/ATS.framework/Versions/A/Resources/libFontParser.dylib
0x00000000061a3000 	/System/Library/Frameworks/ApplicationServices.framework/Versions/A/Frameworks/ATS.framework/Versions/A/Resources/libFontRegistry.dylib
0x00000000061a3000 	/System/Library/Frameworks/ImageIO.framework/Versions/A/Resources/libJPEG.dylib
0x00000000061a3000 	/System/Library/Frameworks/ImageIO.framework/Versions/A/Resources/libTIFF.dylib
0x00000000061a3000 	/System/Library/Frameworks/ImageIO.framework/Versions/A/Resources/libPng.dylib
0x00000000061a3000 	/System/Library/Frameworks/ImageIO.framework/Versions/A/Resources/libGIF.dylib
0x00000000061a3000 	/System/Library/Frameworks/ImageIO.framework/Versions/A/Resources/libJP2.dylib
0x00000000061a3000 	/System/Library/Frameworks/ImageIO.framework/Versions/A/Resources/libRadiance.dylib
0x00000000061a3000 	/System/Library/PrivateFrameworks/AppleJPEG.framework/Versions/A/AppleJPEG
0x00000000061a3000 	/System/Library/Frameworks/MetalPerformanceShaders.framework/Frameworks/MPSCore.framework/Versions/A/MPSCore
0x00000000061a3000 	/System/Library/Frameworks/MetalPerformanceShaders.framework/Frameworks/MPSImage.framework/Versions/A/MPSImage
0x00000000061a3000 	/System/Library/Frameworks/MetalPerformanceShaders.framework/Frameworks/MPSNeuralNetwork.framework/Versions/A/MPSNeuralNetwork
0x00000000061a3000 	/System/Library/Frameworks/MetalPerformanceShaders.framework/Frameworks/MPSMatrix.framework/Versions/A/MPSMatrix
0x00000000061a3000 	/System/Library/PrivateFrameworks/MetalTools.framework/Versions/A/MetalTools
0x00000000061a3000 	/System/Library/Frameworks/OpenGL.framework/Versions/A/Libraries/libGLU.dylib
0x00000000061a3000 	/System/Library/Frameworks/OpenGL.framework/Versions/A/Libraries/libGFXShared.dylib
0x00000000061a3000 	/System/Library/Frameworks/OpenGL.framework/Versions/A/Libraries/libGL.dylib
0x00000000061a3000 	/System/Library/Frameworks/OpenGL.framework/Versions/A/Libraries/libGLImage.dylib
0x00000000061a3000 	/System/Library/Frameworks/OpenGL.framework/Versions/A/Libraries/libCVMSPluginSupport.dylib
0x00000000061a3000 	/System/Library/Frameworks/OpenGL.framework/Versions/A/Libraries/libCoreVMClient.dylib
0x00000000061a3000 	/usr/lib/libcups.2.dylib
0x00000000061a3000 	/System/Library/Frameworks/Kerberos.framework/Versions/A/Kerberos
0x00000000061a3000 	/System/Library/Frameworks/GSS.framework/Versions/A/GSS
0x00000000061a3000 	/usr/lib/libresolv.9.dylib
0x00000000061a3000 	/usr/lib/libiconv.2.dylib
0x00000000061a3000 	/System/Library/PrivateFrameworks/Heimdal.framework/Versions/A/Heimdal
0x00000000061a3000 	/usr/lib/libheimdal-asn1.dylib
0x00000000061a3000 	/System/Library/Frameworks/OpenDirectory.framework/Versions/A/OpenDirectory
0x00000000061a3000 	/System/Library/PrivateFrameworks/CommonAuth.framework/Versions/A/CommonAuth
0x00000000061a3000 	/System/Library/Frameworks/OpenDirectory.framework/Versions/A/Frameworks/CFOpenDirectory.framework/Versions/A/CFOpenDirectory
0x00000000061a3000 	/System/Library/Frameworks/SecurityFoundation.framework/Versions/A/SecurityFoundation
0x00000000061a3000 	/System/Library/PrivateFrameworks/APFS.framework/Versions/A/APFS
0x00000000061a3000 	/usr/lib/libutil.dylib
0x00000000061a3000 	/System/Library/PrivateFrameworks/AppleSauce.framework/Versions/A/AppleSauce
0x00000000061a3000 	/System/Library/PrivateFrameworks/LinguisticData.framework/Versions/A/LinguisticData
0x00000000061a3000 	/usr/lib/libmarisa.dylib
0x00000000061a3000 	/System/Library/PrivateFrameworks/Lexicon.framework/Versions/A/Lexicon
0x00000000061a3000 	/usr/lib/libChineseTokenizer.dylib
0x00000000061a3000 	/usr/lib/libcmph.dylib
0x00000000061a3000 	/System/Library/PrivateFrameworks/LanguageModeling.framework/Versions/A/LanguageModeling
0x00000000061a3000 	/System/Library/PrivateFrameworks/CoreEmoji.framework/Versions/A/CoreEmoji
0x00000000061a3000 	/System/Library/Frameworks/ServiceManagement.framework/Versions/A/ServiceManagement
0x00000000061a3000 	/System/Library/PrivateFrameworks/BackgroundTaskManagement.framework/Versions/A/BackgroundTaskManagement
0x00000000061a3000 	/usr/lib/libxslt.1.dylib
0x00000000061a3000 	/System/Library/Frameworks/Carbon.framework/Versions/A/Frameworks/Ink.framework/Versions/A/Ink
0x00000000061a3000 	/System/Library/PrivateFrameworks/TextureIO.framework/Versions/A/TextureIO
0x00000000061a3000 	/usr/lib/libate.dylib
0x00000000061a3000 	/System/Library/PrivateFrameworks/CrashReporterSupport.framework/Versions/A/CrashReporterSupport
0x00000000061a3000 	/System/Library/PrivateFrameworks/Sharing.framework/Versions/A/Sharing
0x00000000061a3000 	/System/Library/PrivateFrameworks/IconServices.framework/Versions/A/IconServices
0x00000000061a3000 	/System/Library/PrivateFrameworks/AuthKit.framework/Versions/A/AuthKit
0x00000000061a3000 	/System/Library/PrivateFrameworks/Apple80211.framework/Versions/A/Apple80211
0x00000000061a3000 	/System/Library/PrivateFrameworks/CoreUtils.framework/Versions/A/CoreUtils
0x00000000061a3000 	/System/Library/Frameworks/CoreWLAN.framework/Versions/A/CoreWLAN
0x00000000061a3000 	/System/Library/Frameworks/IOBluetooth.framework/Versions/A/IOBluetooth
0x00000000061a3000 	/System/Library/PrivateFrameworks/ProtocolBuffer.framework/Versions/A/ProtocolBuffer
0x00000000061a3000 	/System/Library/PrivateFrameworks/MobileKeyBag.framework/Versions/A/MobileKeyBag
0x00000000061a3000 	/System/Library/PrivateFrameworks/CorePhoneNumbers.framework/Versions/A/CorePhoneNumbers
0x00000000061a3000 	/System/Library/PrivateFrameworks/AppleIDAuthSupport.framework/Versions/A/AppleIDAuthSupport
0x00000000061a3000 	/System/Library/PrivateFrameworks/KeychainCircle.framework/Versions/A/KeychainCircle
0x00000000061a3000 	/System/Library/PrivateFrameworks/CoreWiFi.framework/Versions/A/CoreWiFi
0x00000000061a3000 	/System/Library/Frameworks/CoreBluetooth.framework/Versions/A/CoreBluetooth
0x00000000061a3000 	/System/Library/PrivateFrameworks/DebugSymbols.framework/Versions/A/DebugSymbols
0x00000000061a3000 	/System/Library/PrivateFrameworks/CoreSymbolication.framework/Versions/A/CoreSymbolication
0x00000000061a3000 	/System/Library/PrivateFrameworks/Symbolication.framework/Versions/A/Symbolication
0x00000000061a3000 	/System/Library/PrivateFrameworks/AppleFSCompression.framework/Versions/A/AppleFSCompression
0x00000000061a3000 	/System/Library/PrivateFrameworks/SpeechRecognitionCore.framework/Versions/A/SpeechRecognitionCore
0x000000010d400000 	/Library/Java/JavaVirtualMachines/jdk1.8.0_171.jdk/Contents/Home/jre/lib/server/libjvm.dylib
0x00000000061a3000 	/usr/lib/libstdc++.6.0.9.dylib
0x000000010cbae000 	/Library/Java/JavaVirtualMachines/jdk1.8.0_171.jdk/Contents/Home/jre/lib/libverify.dylib
0x000000010cbbc000 	/Library/Java/JavaVirtualMachines/jdk1.8.0_171.jdk/Contents/Home/jre/lib/libjava.dylib
0x000000010e3ee000 	/Library/Java/JavaVirtualMachines/jdk1.8.0_171.jdk/Contents/Home/jre/lib/libzip.dylib
0x00000001167f6000 	/usr/share/maven/apache-maven-3.5.2/lib/jansi-native/osx/libjansi.jnilib
0x0000000116958000 	/Library/Java/JavaVirtualMachines/jdk1.8.0_171.jdk/Contents/Home/jre/lib/libnet.dylib
0x000000011696f000 	/Library/Java/JavaVirtualMachines/jdk1.8.0_171.jdk/Contents/Home/jre/lib/libnio.dylib

VM Arguments:
jvm_args: -Dclassworlds.conf=/usr/share/maven/apache-maven-3.5.2/bin/m2.conf -Dmaven.home=/usr/share/maven/apache-maven-3.5.2 -Dlibrary.jansi.path=/usr/share/maven/apache-maven-3.5.2/lib/jansi-native -Dmaven.multiModuleProjectDirectory=/Users/itamar/git/backend-challenge/payment-service 
java_command: org.codehaus.plexus.classworlds.launcher.Launcher clean package -DskipTests
java_class_path (initial): /usr/share/maven/apache-maven-3.5.2/boot/plexus-classworlds-2.5.2.jar
Launcher Type: SUN_STANDARD

Environment Variables:
PATH=/usr/local/opt/sqlite/bin:/anaconda3/bin:/usr/local/opt/node@8/bin:/usr/share/maven/apache-maven-3.5.2/bin:/usr/local/bin:/usr/bin:/bin:/usr/sbin:/sbin
SHELL=/bin/bash

Signal Handlers:
SIGSEGV: [libjvm.dylib+0x5b512d], sa_mask[0]=11111111011111110111111111111111, sa_flags=SA_ONSTACK|SA_RESTART|SA_SIGINFO
SIGBUS: [libjvm.dylib+0x5b512d], sa_mask[0]=11111111011111110111111111111111, sa_flags=SA_RESTART|SA_SIGINFO
SIGFPE: [libjvm.dylib+0x48aa90], sa_mask[0]=11111111011111110111111111111111, sa_flags=SA_RESTART|SA_SIGINFO
SIGPIPE: [libjvm.dylib+0x48aa90], sa_mask[0]=11111111011111110111111111111111, sa_flags=SA_RESTART|SA_SIGINFO
SIGXFSZ: [libjvm.dylib+0x48aa90], sa_mask[0]=11111111011111110111111111111111, sa_flags=SA_RESTART|SA_SIGINFO
SIGILL: [libjvm.dylib+0x48aa90], sa_mask[0]=11111111011111110111111111111111, sa_flags=SA_RESTART|SA_SIGINFO
SIGUSR1: SIG_DFL, sa_mask[0]=11011111011111100000000111000110, sa_flags=none
SIGUSR2: [libjvm.dylib+0x48a5ae], sa_mask[0]=00000000000000000000000000000000, sa_flags=SA_RESTART|SA_SIGINFO
SIGHUP: [libjvm.dylib+0x488b79], sa_mask[0]=11111111011111110111111111111111, sa_flags=SA_RESTART|SA_SIGINFO
SIGINT: [libjvm.dylib+0x488b79], sa_mask[0]=11111111011111110111111111111111, sa_flags=SA_RESTART|SA_SIGINFO
SIGTERM: [libjvm.dylib+0x488b79], sa_mask[0]=11111111011111110111111111111111, sa_flags=SA_RESTART|SA_SIGINFO
SIGQUIT: [libjvm.dylib+0x488b79], sa_mask[0]=11111111011111110111111111111111, sa_flags=SA_RESTART|SA_SIGINFO


---------------  S Y S T E M  ---------------

OS:Bsduname:Darwin 17.7.0 Darwin Kernel Version 17.7.0: Thu Jun 21 22:53:14 PDT 2018; root:xnu-4570.71.2~1/RELEASE_X86_64 x86_64
rlimit: STACK 8192k, CORE 0k, NPROC 709, NOFILE 10240, AS infinity
load average:5.19 5.24 5.35

CPU:total 4 (initial active 4) (2 cores per cpu, 2 threads per core) family 6 model 42 stepping 7, cmov, cx8, fxsr, mmx, sse, sse2, sse3, ssse3, sse4.1, sse4.2, popcnt, avx, aes, clmul, ht, tsc, tscinvbit

Memory: 4k page, physical 8388608k(294820k free)

/proc/meminfo:


vm_info: Java HotSpot(TM) 64-Bit Server VM (25.171-b11) for bsd-amd64 JRE (1.8.0_171-b11), built on Mar 28 2018 12:50:57 by "java_re" with gcc 4.2.1 (Based on Apple Inc. build 5658) (LLVM build 2336.11.00)

time: Mon Jan  7 09:09:19 2019
elapsed time: 3 seconds (0d 0h 0m 3s)

